2025-04-07 01:37:21,600 - [31m[1mWARNING: This is a development server. Do not use it in a production deployment. Use a production WSGI server instead.[0m
 * Running on all addresses (0.0.0.0)
 * Running on http://127.0.0.1:5000
 * Running on http://192.168.1.178:5000
2025-04-07 01:37:21,600 - [33mPress CTRL+C to quit[0m
2025-04-07 01:37:21,624 -  * Restarting with stat
2025-04-07 01:37:21,942 -  * Debugger is active!
2025-04-07 01:37:21,953 -  * Debugger PIN: 141-798-668
2025-04-07 01:37:38,215 - Key pressed: Key.enter
2025-04-07 01:37:38,215 - Key pressed: Key.enter
2025-04-07 01:38:51,317 - Key pressed: Key.alt
2025-04-07 01:38:51,317 - Key pressed: Key.alt
2025-04-07 01:38:53,004 - Key pressed: Key.cmd
2025-04-07 01:38:53,004 - Key pressed: Key.cmd
2025-04-07 01:38:56,948 - Key pressed: Key.shift_r
2025-04-07 01:38:56,948 - Key pressed: Key.shift_r
2025-04-07 01:38:58,252 - Key pressed: Key.alt
2025-04-07 01:38:58,253 - Key pressed: Key.alt
2025-04-07 01:38:59,404 - Key pressed: Key.alt
2025-04-07 01:38:59,405 - Key pressed: Key.alt
2025-04-07 01:39:03,798 - Key pressed: Key.enter
2025-04-07 01:39:03,798 - Key pressed: Key.enter
2025-04-07 01:39:07,132 - Key pressed: Key.up
2025-04-07 01:39:07,132 - Key pressed: Key.up
2025-04-07 01:39:07,133 - Key pressed: Key.home
2025-04-07 01:39:07,134 - Key pressed: Key.home
2025-04-07 01:39:07,135 - Key pressed: Key.enter
2025-04-07 01:39:07,134 - Key pressed: Key.enter
2025-04-07 01:39:14,026 - Key pressed: Key.enter
2025-04-07 01:39:14,027 - Key pressed: Key.enter
2025-04-07 01:39:38,803 - Key pressed: s
2025-04-07 01:39:38,803 - Key pressed: s
2025-04-07 01:39:38,961 - Key pressed: u
2025-04-07 01:39:38,961 - Key pressed: u
2025-04-07 01:39:39,082 - Key pressed: d
2025-04-07 01:39:39,082 - Key pressed: d
2025-04-07 01:39:39,435 - Key pressed: Key.alt
2025-04-07 01:39:39,435 - Key pressed: Key.alt
2025-04-07 01:39:48,429 - Key pressed: Key.backspace
2025-04-07 01:39:48,429 - Key pressed: Key.backspace
2025-04-07 01:39:48,430 - Key pressed: Key.backspace
2025-04-07 01:39:48,431 - Key pressed: Key.backspace
2025-04-07 01:39:48,431 - Key pressed: Key.backspace
2025-04-07 01:39:48,431 - Key pressed: Key.backspace
2025-04-07 01:39:48,432 - Key pressed: Key.backspace
2025-04-07 01:39:48,432 - Key pressed: Key.backspace
2025-04-07 01:39:48,434 - Key pressed: Key.backspace
2025-04-07 01:39:48,435 - Key pressed: Key.enter
2025-04-07 01:39:48,435 - Key pressed: Key.backspace
2025-04-07 01:39:48,436 - Key pressed: Key.enter
2025-04-07 01:40:13,104 - Key pressed: Key.backspace
2025-04-07 01:40:13,104 - Key pressed: Key.backspace
2025-04-07 01:40:13,104 - Key pressed: Key.backspace
2025-04-07 01:40:13,104 - Key pressed: Key.backspace
2025-04-07 01:40:13,104 - Key pressed: Key.backspace
2025-04-07 01:40:13,105 - Key pressed: Key.backspace
2025-04-07 01:40:13,105 - Key pressed: Key.backspace
2025-04-07 01:40:13,105 - Key pressed: Key.backspace
2025-04-07 01:40:13,105 - Key pressed: Key.backspace
2025-04-07 01:40:13,105 - Key pressed: Key.backspace
2025-04-07 01:40:13,105 - Key pressed: Key.backspace
2025-04-07 01:40:13,105 - Key pressed: Key.backspace
2025-04-07 01:40:13,105 - Key pressed: Key.backspace
2025-04-07 01:40:13,105 - Key pressed: Key.backspace
2025-04-07 01:40:13,105 - Key pressed: Key.backspace
2025-04-07 01:40:13,106 - Key pressed: Key.shift_r
2025-04-07 01:40:13,106 - Key pressed: Key.backspace
2025-04-07 01:40:13,106 - Key pressed: Key.backspace
2025-04-07 01:40:13,106 - Key pressed: Key.backspace
2025-04-07 01:40:13,107 - Key pressed: Key.shift_r
2025-04-07 01:40:19,177 - Key pressed: Key.backspace
2025-04-07 01:40:19,177 - Key pressed: Key.backspace
2025-04-07 01:40:19,177 - Key pressed: Key.backspace
2025-04-07 01:40:19,177 - Key pressed: Key.backspace
2025-04-07 01:40:33,224 - Key pressed: Key.backspace
2025-04-07 01:40:33,224 - Key pressed: Key.backspace
2025-04-07 01:40:33,224 - Key pressed: Key.backspace
2025-04-07 01:40:33,224 - Key pressed: Key.backspace
2025-04-07 01:40:33,225 - Key pressed: Key.backspace
2025-04-07 01:40:33,225 - Key pressed: Key.backspace
2025-04-07 01:40:33,225 - Key pressed: Key.backspace
2025-04-07 01:40:33,225 - Key pressed: Key.backspace
2025-04-07 01:40:33,226 - Key pressed: Key.backspace
2025-04-07 01:40:33,226 - Key pressed: Key.backspace
2025-04-07 01:40:33,226 - Key pressed: Key.backspace
2025-04-07 01:40:33,226 - Key pressed: Key.backspace
2025-04-07 01:40:33,226 - Key pressed: Key.backspace
2025-04-07 01:40:33,226 - Key pressed: Key.backspace
2025-04-07 01:40:33,227 - Key pressed: Key.backspace
2025-04-07 01:40:33,227 - Key pressed: Key.backspace
2025-04-07 01:40:33,227 - Key pressed: Key.backspace
2025-04-07 01:40:33,227 - Key pressed: Key.tab
2025-04-07 01:40:33,227 - Key pressed: Key.backspace
2025-04-07 01:40:33,228 - Key pressed: Key.tab
2025-04-07 01:40:33,228 - Key pressed: Key.tab
2025-04-07 01:40:33,228 - Key pressed: Key.backspace
2025-04-07 01:40:33,228 - Key pressed: Key.tab
2025-04-07 01:40:33,229 - Key pressed: Key.backspace
2025-04-07 01:40:33,229 - Key pressed: Key.tab
2025-04-07 01:40:33,229 - Key pressed: Key.backspace
2025-04-07 01:40:33,230 - Key pressed: Key.backspace
2025-04-07 01:40:33,230 - Key pressed: Key.tab
2025-04-07 01:40:33,231 - Key pressed: Key.tab
2025-04-07 01:40:33,232 - Key pressed: Key.tab
2025-04-07 01:40:33,232 - Key pressed: Key.tab
2025-04-07 01:40:33,233 - Key pressed: Key.tab
2025-04-07 01:40:34,839 - Key pressed: Key.enter
2025-04-07 01:40:34,839 - Key pressed: Key.enter
2025-04-07 01:40:34,840 - Key pressed: Key.enter
2025-04-07 01:40:34,840 - Key pressed: Key.enter
2025-04-07 01:40:37,914 - Key pressed: Key.up
2025-04-07 01:40:37,913 - Key pressed: Key.up
2025-04-07 01:40:37,915 - Key pressed: Key.home
2025-04-07 01:40:37,915 - Key pressed: Key.home
2025-04-07 01:40:37,916 - Key pressed: Key.enter
2025-04-07 01:40:37,916 - Key pressed: Key.enter
2025-04-07 01:40:45,530 - Key pressed: Key.backspace
2025-04-07 01:40:45,530 - Key pressed: Key.backspace
2025-04-07 01:40:45,530 - Key pressed: Key.backspace
2025-04-07 01:40:45,530 - Key pressed: Key.backspace
2025-04-07 01:40:45,530 - Key pressed: Key.backspace
2025-04-07 01:40:45,530 - Key pressed: Key.backspace
2025-04-07 01:40:45,530 - Key pressed: Key.backspace
2025-04-07 01:40:45,530 - Key pressed: Key.backspace
2025-04-07 01:40:45,530 - Key pressed: Key.backspace
2025-04-07 01:40:45,530 - Key pressed: Key.backspace
2025-04-07 01:40:45,530 - Key pressed: Key.backspace
2025-04-07 01:40:45,530 - Key pressed: Key.backspace
2025-04-07 01:40:45,531 - Key pressed: Key.backspace
2025-04-07 01:40:45,531 - Key pressed: Key.backspace
2025-04-07 01:40:45,531 - Key pressed: Key.backspace
2025-04-07 01:40:45,531 - Key pressed: Key.backspace
2025-04-07 01:40:45,531 - Key pressed: Key.backspace
2025-04-07 01:40:45,531 - Key pressed: Key.backspace
2025-04-07 01:40:45,531 - Key pressed: Key.backspace
2025-04-07 01:40:45,531 - Key pressed: Key.backspace
2025-04-07 01:40:54,934 - Key pressed: Key.enter
2025-04-07 01:40:54,934 - Key pressed: Key.enter
2025-04-07 01:40:56,863 - Key pressed: Key.shift
2025-04-07 01:40:56,863 - Key pressed: Key.shift
2025-04-07 01:40:57,495 - Key pressed: Key.shift
2025-04-07 01:40:57,495 - Key pressed: Key.shift
2025-04-07 01:40:58,824 - Key pressed: Key.shift_r
2025-04-07 01:40:58,825 - Key pressed: Key.shift_r
2025-04-07 01:41:24,123 -  * Detected change in '/srv/dev/python/input-monitoring/recorder.py', reloading
2025-04-07 01:41:24,203 -  * Restarting with stat
2025-04-07 01:41:24,203 - Key pressed: Key.tab
2025-04-07 01:41:24,204 - Key pressed: Key.enter
2025-04-07 01:41:24,204 - Key pressed: Key.esc
2025-04-07 01:41:24,204 - Key pressed: Key.esc
2025-04-07 01:41:24,204 - Key pressed: Key.esc
2025-04-07 01:41:24,519 -  * Debugger is active!
2025-04-07 01:41:24,520 -  * Debugger PIN: 141-798-668
2025-04-07 01:41:29,205 - Key pressed: Key.shift
2025-04-07 01:41:29,206 - Key pressed: Key.shift
2025-04-07 01:41:34,548 -  * Detected change in '/srv/dev/python/input-monitoring/recorder.py', reloading
2025-04-07 01:41:34,627 - Key pressed: Key.esc
2025-04-07 01:41:34,627 -  * Restarting with stat
2025-04-07 01:41:34,942 -  * Debugger is active!
2025-04-07 01:41:34,942 -  * Debugger PIN: 141-798-668
2025-04-07 01:41:38,719 - Key pressed: Key.alt
2025-04-07 01:41:38,719 - Key pressed: Key.alt
2025-04-07 01:42:36,829 - Key pressed: Key.shift_r
2025-04-07 01:42:36,829 - Key pressed: Key.shift_r
2025-04-07 01:42:45,348 - Key pressed: Key.shift
2025-04-07 01:42:45,349 - Key pressed: Key.shift
2025-04-07 01:43:09,068 - Key pressed: Key.enter
2025-04-07 01:43:09,068 - Key pressed: Key.enter
2025-04-07 01:43:09,069 - Key pressed: Key.esc
2025-04-07 01:43:09,070 - Key pressed: Key.backspace
2025-04-07 01:43:09,070 - Key pressed: Key.esc
2025-04-07 01:43:09,071 - Key pressed: Key.backspace
2025-04-07 01:43:09,071 - Key pressed: Key.backspace
2025-04-07 01:43:09,072 - Key pressed: Key.backspace
2025-04-07 01:43:09,072 - Key pressed: Key.backspace
2025-04-07 01:43:09,073 - Key pressed: Key.backspace
2025-04-07 01:43:09,073 - Key pressed: Key.backspace
2025-04-07 01:43:09,074 - Key pressed: Key.backspace
2025-04-07 01:43:09,074 - Key pressed: Key.enter
2025-04-07 01:43:09,074 - Key pressed: Key.enter
2025-04-07 01:43:09,074 - Key pressed: Key.esc
2025-04-07 01:43:09,075 - Key pressed: Key.esc
2025-04-07 01:43:09,075 - Key pressed: Key.shift
2025-04-07 01:43:09,076 - Key pressed: Key.shift
2025-04-07 01:43:10,140 - Key pressed: Key.alt
2025-04-07 01:43:10,140 - Key pressed: Key.alt
2025-04-07 01:43:15,876 - Key pressed: Key.ctrl
2025-04-07 01:43:15,876 - Key pressed: Key.ctrl
2025-04-07 01:43:16,383 - Key pressed: c
